<?xml version="1.0" encoding="UTF-8"?>
<!-- Generated by org.testng.reporters.JUnitReportReporter -->
<testsuite hostname="LAPTOP-54CIPACA" failures="0" tests="1" name="EGIndia.testCases.test" time="11.042" errors="0" timestamp="2024-12-19T10:07:50 IST" skipped="0">
  <testcase classname="EGIndia.testCases.test" name="addcart" time="11.042"/>
  <system-out/>
</testsuite> <!-- EGIndia.testCases.test -->
