<?xml version="1.0" encoding="UTF-8"?>
<!-- Generated by org.testng.reporters.JUnitReportReporter -->
<testsuite hostname="LAPTOP-54CIPACA" failures="0" tests="1" name="EGIndia.testCases.testtestng" time="0.009" errors="0" timestamp="2024-12-18T14:32:00 IST" skipped="0">
  <testcase classname="EGIndia.testCases.testtestng" name="sun" time="0.009"/>
  <system-out/>
</testsuite> <!-- EGIndia.testCases.testtestng -->
