<?xml version="1.0" encoding="UTF-8"?>
<!-- Generated by org.testng.reporters.JUnitReportReporter -->
<testsuite hostname="LAPTOP-54CIPACA" failures="0" tests="2" name="EGIndia.testCases.InvalidLogins" time="4.157" errors="0" timestamp="2024-12-19T10:49:40 IST" skipped="0">
  <testcase classname="EGIndia.testCases.InvalidLogins" name="InvalidLogin" time="2.092"/>
  <system-out/>
  <testcase classname="EGIndia.testCases.InvalidLogins" name="InvalidLogin2" time="2.065"/>
  <system-out/>
</testsuite> <!-- EGIndia.testCases.InvalidLogins -->
