<?xml version="1.0" encoding="UTF-8"?>
<!-- Generated by org.testng.reporters.JUnitReportReporter -->
<testsuite hostname="LAPTOP-54CIPACA" failures="0" tests="4" name="EGIndia.testCases.EgTest" time="10.169" errors="0" timestamp="2024-12-19T10:49:40 IST" skipped="0">
  <testcase classname="EGIndia.testCases.EgTest" name="addProducttoBasket" time="3.215"/>
  <system-out/>
  <testcase classname="EGIndia.testCases.EgTest" name="validLogin" time="2.310"/>
  <system-out/>
  <testcase classname="EGIndia.testCases.EgTest" name="addProducttoBasket" time="2.466"/>
  <system-out/>
  <testcase classname="EGIndia.testCases.EgTest" name="validLogin" time="2.178"/>
  <system-out/>
</testsuite> <!-- EGIndia.testCases.EgTest -->
